<?xml version="1.0" encoding="UTF-8"?>
<testng-results skipped="0" failed="0" ignored="0" total="1" passed="1">
  <reporter-output>
  </reporter-output>
  <suite name="Default suite" duration-ms="6538" started-at="2018-09-16T15:12:09Z" finished-at="2018-09-16T15:12:16Z">
    <groups>
    </groups>
    <test name="Default test" duration-ms="6538" started-at="2018-09-16T15:12:09Z" finished-at="2018-09-16T15:12:16Z">
      <class name="automationSuite.Trail">
        <test-method status="PASS" signature="f()[pri:0, instance:automationSuite.Trail@4501b7af]" name="f" duration-ms="6507" started-at="2018-09-16T15:12:09Z" finished-at="2018-09-16T15:12:16Z">
          <reporter-output>
          </reporter-output>
        </test-method> <!-- f -->
      </class> <!-- automationSuite.Trail -->
    </test> <!-- Default test -->
  </suite> <!-- Default suite -->
</testng-results>
